2019-01-31
definitions: brucella.txt
81 profiles
sourced from: https://pubmlst.org/data/profiles/brucella.txt

locus gap
gap.tfa
Sourced from https://pubmlst.org/data/alleles/brucella/gap.tfa

locus aroA
aroA.tfa
Sourced from https://pubmlst.org/data/alleles/brucella/aroA.tfa

locus glk
glk.tfa
Sourced from https://pubmlst.org/data/alleles/brucella/glk.tfa

locus dnaK
dnaK.tfa
Sourced from https://pubmlst.org/data/alleles/brucella/dnaK.tfa

locus gyrB
gyrB.tfa
Sourced from https://pubmlst.org/data/alleles/brucella/gyrB.tfa

locus trpE
trpE.tfa
Sourced from https://pubmlst.org/data/alleles/brucella/trpE.tfa

locus cobQ
cobQ.tfa
Sourced from https://pubmlst.org/data/alleles/brucella/cobQ.tfa

locus int_hyp
int_hyp.tfa
Sourced from https://pubmlst.org/data/alleles/brucella/int_hyp.tfa

locus omp25
omp25.tfa
Sourced from https://pubmlst.org/data/alleles/brucella/omp25.tfa

all loci: Brucella_spp..fasta
